{
  "0 debug pnpm:scope": {
    "selected": 1
  },
  "1 error pnpm": {
    "code": "ELIFECYCLE",
    "errno": "ENOENT",
    "syscall": "spawn",
    "file": "sh",
    "pkgid": "@",
    "stage": "build-staging",
    "script": "vite build --mode staging",
    "err": {
      "name": "Error",
      "message": "@ build-staging: `vite build --mode staging`\nspawn ENOENT",
      "code": "ELIFECYCLE",
      "stack": "Error: @ build-staging: `vite build --mode staging`\nspawn ENOENT\n    at ChildProcess.<anonymous> (/usr/local/lib/node_modules/pnpm/dist/pnpm.cjs:92406:22)\n    at ChildProcess.emit (node:events:369:20)\n    at maybeClose (node:internal/child_process:1067:16)\n    at Process.ChildProcess._handle.onexit (node:internal/child_process:301:5)"
    }
  }
}